<?xml version="1.0" encoding="UTF-8"?>
<!-- Generated by org.testng.reporters.JUnitXMLReporter -->
<testsuite ignored="0" hostname="LAPTOP-PGPBS0AG" failures="0" tests="6" name="Surefire test" time="9.477" errors="0" timestamp="2024-03-27T19:28:18 IST">
  <testcase classname="api.test.DataDrivenTest" name="createUserByPost" time="2.45"/>
  <testcase classname="api.test.DataDrivenTest" name="createUserByPost" time="1.086"/>
  <testcase classname="api.test.DataDrivenTest" name="createUserByPost" time="1.061"/>
  <testcase classname="api.test.DataDrivenTest" name="deleteUser" time="1.057"/>
  <testcase classname="api.test.DataDrivenTest" name="deleteUser" time="1.064"/>
  <testcase classname="api.test.DataDrivenTest" name="deleteUser" time="1.041"/>
</testsuite> <!-- Surefire test -->
