<?xml version="1.0" encoding="UTF-8"?>
<!-- Generated by org.testng.reporters.JUnitXMLReporter -->
<testsuite ignored="0" hostname="LAPTOP-PGPBS0AG" failures="0" tests="6" name="Default test" time="9.105" errors="0" timestamp="2024-03-21T17:04:12 IST">
  <testcase classname="api.test.DataDrivenTest" name="createUserByPost" time="2.474"/>
  <testcase classname="api.test.DataDrivenTest" name="createUserByPost" time="1.079"/>
  <testcase classname="api.test.DataDrivenTest" name="createUserByPost" time="1.068"/>
  <testcase classname="api.test.DataDrivenTest" name="deleteUser" time="1.188"/>
  <testcase classname="api.test.DataDrivenTest" name="deleteUser" time="1.138"/>
  <testcase classname="api.test.DataDrivenTest" name="deleteUser" time="1.057"/>
</testsuite> <!-- Default test -->
