<?xml version="1.0" encoding="UTF-8"?>
<!-- Generated by org.testng.reporters.JUnitXMLReporter -->
<testsuite ignored="0" hostname="LAPTOP-PGPBS0AG" failures="0" tests="4" name="Test" time="7.586" errors="0" timestamp="2024-03-21T20:28:19 IST">
  <testcase classname="api.test.testUser" name="postMethod" time="2.453"/>
  <testcase classname="api.test.testUser" name="getUser" time="1.059"/>
  <testcase classname="api.test.testUser" name="updateuserByuserName" time="2.137"/>
  <testcase classname="api.test.testUser" name="deleteUserByuserName" time="1.038"/>
</testsuite> <!-- Test -->
