<?xml version="1.0" encoding="UTF-8"?>
<testng-results ignored="0" total="6" passed="6" failed="0" skipped="0">
  <reporter-output>
  </reporter-output>
  <suite started-at="2024-03-27T19:28:08 IST" name="Surefire suite" finished-at="2024-03-27T19:28:18 IST" duration-ms="9477">
    <groups>
    </groups>
    <test started-at="2024-03-27T19:28:08 IST" name="Surefire test" finished-at="2024-03-27T19:28:18 IST" duration-ms="9477">
      <class name="api.test.DataDrivenTest">
        <test-method signature="createUserByPost(java.lang.String,java.lang.String,java.lang.String,java.lang.String,java.lang.String,java.lang.String,java.lang.String)[pri:1, instance:api.test.DataDrivenTest@60704c]" started-at="2024-03-27T19:28:10 IST" name="createUserByPost" data-provider="Data" finished-at="2024-03-27T19:28:13 IST" duration-ms="2450" status="PASS">
          <params>
            <param index="0">
              <value>
                <![CDATA[1010]]>
              </value>
            </param>
            <param index="1">
              <value>
                <![CDATA[testuser1]]>
              </value>
            </param>
            <param index="2">
              <value>
                <![CDATA[joy]]>
              </value>
            </param>
            <param index="3">
              <value>
                <![CDATA[verma]]>
              </value>
            </param>
            <param index="4">
              <value>
                <![CDATA[joyverm@gmail.com]]>
              </value>
            </param>
            <param index="5">
              <value>
                <![CDATA[Test@123]]>
              </value>
            </param>
            <param index="6">
              <value>
                <![CDATA[1234567894]]>
              </value>
            </param>
          </params>
          <reporter-output>
          </reporter-output>
        </test-method> <!-- createUserByPost -->
        <test-method signature="createUserByPost(java.lang.String,java.lang.String,java.lang.String,java.lang.String,java.lang.String,java.lang.String,java.lang.String)[pri:1, instance:api.test.DataDrivenTest@60704c]" started-at="2024-03-27T19:28:13 IST" name="createUserByPost" data-provider="Data" finished-at="2024-03-27T19:28:14 IST" duration-ms="1086" status="PASS">
          <params>
            <param index="0">
              <value>
                <![CDATA[1020]]>
              </value>
            </param>
            <param index="1">
              <value>
                <![CDATA[testuser2]]>
              </value>
            </param>
            <param index="2">
              <value>
                <![CDATA[abby]]>
              </value>
            </param>
            <param index="3">
              <value>
                <![CDATA[sharma]]>
              </value>
            </param>
            <param index="4">
              <value>
                <![CDATA[abc@gmail.com]]>
              </value>
            </param>
            <param index="5">
              <value>
                <![CDATA[Test@124]]>
              </value>
            </param>
            <param index="6">
              <value>
                <![CDATA[1234567894]]>
              </value>
            </param>
          </params>
          <reporter-output>
          </reporter-output>
        </test-method> <!-- createUserByPost -->
        <test-method signature="createUserByPost(java.lang.String,java.lang.String,java.lang.String,java.lang.String,java.lang.String,java.lang.String,java.lang.String)[pri:1, instance:api.test.DataDrivenTest@60704c]" started-at="2024-03-27T19:28:14 IST" name="createUserByPost" data-provider="Data" finished-at="2024-03-27T19:28:15 IST" duration-ms="1061" status="PASS">
          <params>
            <param index="0">
              <value>
                <![CDATA[1030]]>
              </value>
            </param>
            <param index="1">
              <value>
                <![CDATA[testuser3]]>
              </value>
            </param>
            <param index="2">
              <value>
                <![CDATA[jay]]>
              </value>
            </param>
            <param index="3">
              <value>
                <![CDATA[pritchet]]>
              </value>
            </param>
            <param index="4">
              <value>
                <![CDATA[jduwndn@gmail.com]]>
              </value>
            </param>
            <param index="5">
              <value>
                <![CDATA[Test@125]]>
              </value>
            </param>
            <param index="6">
              <value>
                <![CDATA[1234567894]]>
              </value>
            </param>
          </params>
          <reporter-output>
          </reporter-output>
        </test-method> <!-- createUserByPost -->
        <test-method signature="deleteUser(java.lang.String)[pri:2, instance:api.test.DataDrivenTest@60704c]" started-at="2024-03-27T19:28:15 IST" name="deleteUser" data-provider="UserNames" finished-at="2024-03-27T19:28:16 IST" duration-ms="1057" status="PASS">
          <params>
            <param index="0">
              <value>
                <![CDATA[testuser1]]>
              </value>
            </param>
          </params>
          <reporter-output>
          </reporter-output>
        </test-method> <!-- deleteUser -->
        <test-method signature="deleteUser(java.lang.String)[pri:2, instance:api.test.DataDrivenTest@60704c]" started-at="2024-03-27T19:28:16 IST" name="deleteUser" data-provider="UserNames" finished-at="2024-03-27T19:28:17 IST" duration-ms="1064" status="PASS">
          <params>
            <param index="0">
              <value>
                <![CDATA[testuser2]]>
              </value>
            </param>
          </params>
          <reporter-output>
          </reporter-output>
        </test-method> <!-- deleteUser -->
        <test-method signature="deleteUser(java.lang.String)[pri:2, instance:api.test.DataDrivenTest@60704c]" started-at="2024-03-27T19:28:17 IST" name="deleteUser" data-provider="UserNames" finished-at="2024-03-27T19:28:18 IST" duration-ms="1041" status="PASS">
          <params>
            <param index="0">
              <value>
                <![CDATA[testuser3]]>
              </value>
            </param>
          </params>
          <reporter-output>
          </reporter-output>
        </test-method> <!-- deleteUser -->
      </class> <!-- api.test.DataDrivenTest -->
    </test> <!-- Surefire test -->
  </suite> <!-- Surefire suite -->
</testng-results>
