<?xml version="1.0" encoding="UTF-8"?>
<testsuite xmlns:xsi="http://www.w3.org/2001/XMLSchema-instance" xsi:noNamespaceSchemaLocation="https://maven.apache.org/surefire/maven-surefire-plugin/xsd/surefire-test-report-3.0.xsd" version="3.0" name="api.test.DataDrivenTest" time="9.919" tests="6" errors="0" skipped="0" failures="0">
  <properties>
[...]
</properties>
  <testcase name="createUserByPost[1010, testuser1, joy, verma, joyverm@gmail.com, Test@123, 1234567894](1)" classname="api.test.DataDrivenTest" time="2.446">
    <system-out><![CDATA[2024-03-27T13:58:09.262037800Z main DEBUG Apache Log4j Core 2.23 initializing configuration XmlConfiguration[location=C:\Users\PnQ\eclipse-workspace\RestAssurredFramework\target\test-classes\log4j2.xml]
2024-03-27T13:58:09.263028100Z main WARN The use of package scanning to locate plugins is deprecated and will be removed in a future release
2024-03-27T13:58:09.266888500Z main DEBUG Took 0.002050 seconds to load 0 plugins from package org.apache.logging.log4j.test
2024-03-27T13:58:09.266888500Z main DEBUG PluginManager 'Core' found 131 plugins
2024-03-27T13:58:09.266888500Z main WARN The use of package scanning to locate plugins is deprecated and will be removed in a future release
2024-03-27T13:58:09.266888500Z main DEBUG PluginManager 'Level' found 0 plugins
2024-03-27T13:58:09.271011200Z main DEBUG Building Plugin[name=property, class=org.apache.logging.log4j.core.config.Property].
2024-03-27T13:58:09.282667600Z main DEBUG PluginManager 'TypeConverter' found 26 plugins
2024-03-27T13:58:09.287600300Z main DEBUG createProperty(name="filename", value="target/test.log", Configuration(XMLConfigTest))
2024-03-27T13:58:09.288586900Z main DEBUG Building Plugin[name=properties, class=org.apache.logging.log4j.core.config.PropertiesPlugin].
2024-03-27T13:58:09.292579700Z main DEBUG configureSubstitutor(={filename=target/test.log}, Configuration(XMLConfigTest))
2024-03-27T13:58:09.293595Z main WARN The use of package scanning to locate plugins is deprecated and will be removed in a future release
2024-03-27T13:58:09.293595Z main DEBUG PluginManager 'Lookup' found 16 plugins
2024-03-27T13:58:09.294574700Z main DEBUG Building Plugin[name=filter, class=org.apache.logging.log4j.core.filter.ThresholdFilter].
2024-03-27T13:58:09.296346900Z main DEBUG createFilter(level="TRACE", onMatch="null", onMismatch="null")
2024-03-27T13:58:09.297341900Z main DEBUG Building Plugin[name=layout, class=org.apache.logging.log4j.core.layout.PatternLayout].
2024-03-27T13:58:09.304901400Z main DEBUG PatternLayout$Builder(pattern="%m MDC%X%n", PatternSelector=null, Configuration(XMLConfigTest), Replace=null, charset="null", alwaysWriteExceptions="null", disableAnsi="null", noConsoleNoAnsi="null", header="null", footer="null")
2024-03-27T13:58:09.304901400Z main WARN The use of package scanning to locate plugins is deprecated and will be removed in a future release
2024-03-27T13:58:09.304901400Z main DEBUG PluginManager 'Converter' found 45 plugins
2024-03-27T13:58:09.306895500Z main DEBUG Building Plugin[name=filter, class=org.apache.logging.log4j.core.filter.MarkerFilter].
2024-03-27T13:58:09.308887400Z main DEBUG createFilter(marker="FLOW", onMatch="DENY", onMismatch="NEUTRAL")
2024-03-27T13:58:09.308887400Z main DEBUG Building Plugin[name=filter, class=org.apache.logging.log4j.core.filter.MarkerFilter].
2024-03-27T13:58:09.308887400Z main DEBUG createFilter(marker="EXCEPTION", onMatch="DENY", onMismatch="ACCEPT")
2024-03-27T13:58:09.308887400Z main DEBUG Building Plugin[name=filters, class=org.apache.logging.log4j.core.filter.CompositeFilter].
2024-03-27T13:58:09.308887400Z main DEBUG createFilters(={FLOW, EXCEPTION})
2024-03-27T13:58:09.308887400Z main DEBUG Building Plugin[name=appender, class=org.apache.logging.log4j.core.appender.ConsoleAppender].
2024-03-27T13:58:09.320797Z main DEBUG ConsoleAppender$Builder(target="null", follow="null", direct="null", bufferedIo="null", bufferSize="null", immediateFlush="null", ignoreExceptions="null", PatternLayout(%m MDC%X%n), name="STDOUT", Configuration(XMLConfigTest), Filters({FLOW, EXCEPTION}), ={})
2024-03-27T13:58:09.323788400Z main DEBUG Starting OutputStreamManager SYSTEM_OUT.false.false
2024-03-27T13:58:09.323788400Z main DEBUG Building Plugin[name=layout, class=org.apache.logging.log4j.core.layout.PatternLayout].
2024-03-27T13:58:09.325288900Z main DEBUG PatternLayout$Builder(pattern="%C{1}.%M %m %ex%n", PatternSelector=null, Configuration(XMLConfigTest), Replace=null, charset="null", alwaysWriteExceptions="null", disableAnsi="null", noConsoleNoAnsi="null", header="null", footer="null")
2024-03-27T13:58:09.326325100Z main DEBUG Building Plugin[name=filter, class=org.apache.logging.log4j.core.filter.MarkerFilter].
2024-03-27T13:58:09.327336300Z main DEBUG createFilter(marker="FLOW", onMatch="ACCEPT", onMismatch="NEUTRAL")
2024-03-27T13:58:09.327336300Z main DEBUG Building Plugin[name=filter, class=org.apache.logging.log4j.core.filter.MarkerFilter].
2024-03-27T13:58:09.328323800Z main DEBUG createFilter(marker="EXCEPTION", onMatch="ACCEPT", onMismatch="DENY")
2024-03-27T13:58:09.328323800Z main DEBUG Building Plugin[name=filters, class=org.apache.logging.log4j.core.filter.CompositeFilter].
2024-03-27T13:58:09.328323800Z main DEBUG createFilters(={FLOW, EXCEPTION})
2024-03-27T13:58:09.328323800Z main DEBUG Building Plugin[name=appender, class=org.apache.logging.log4j.core.appender.ConsoleAppender].
2024-03-27T13:58:09.328323800Z main DEBUG ConsoleAppender$Builder(target="null", follow="null", direct="null", bufferedIo="null", bufferSize="null", immediateFlush="null", ignoreExceptions="null", PatternLayout(%C{1}.%M %m %ex%n), name="FLOW", Configuration(XMLConfigTest), Filters({FLOW, EXCEPTION}), ={})
2024-03-27T13:58:09.331312800Z main DEBUG Building Plugin[name=layout, class=org.apache.logging.log4j.core.layout.PatternLayout].
2024-03-27T13:58:09.331312800Z main DEBUG PatternLayout$Builder(pattern="%d %p %C{1.} [%t] %m%n", PatternSelector=null, Configuration(XMLConfigTest), Replace=null, charset="null", alwaysWriteExceptions="null", disableAnsi="null", noConsoleNoAnsi="null", header="null", footer="null")
2024-03-27T13:58:09.336834300Z main DEBUG Building Plugin[name=appender, class=org.apache.logging.log4j.core.appender.FileAppender].
2024-03-27T13:58:09.339823400Z main DEBUG FileAppender$Builder(fileName="target/test.log", append="null", locking="null", advertise="null", advertiseUri="null", createOnDemand="null", filePermissions="null", fileOwner="null", fileGroup="null", bufferedIo="null", bufferSize="null", immediateFlush="null", ignoreExceptions="null", PatternLayout(%d %p %C{1.} [%t] %m%n), name="File", Configuration(XMLConfigTest), Filter=null, ={})
2024-03-27T13:58:09.344647100Z main DEBUG Starting FileManager target/test.log
2024-03-27T13:58:09.344647100Z main DEBUG Building Plugin[name=appenders, class=org.apache.logging.log4j.core.config.AppendersPlugin].
2024-03-27T13:58:09.344647100Z main ERROR Appenders contains an invalid element or attribute "List"
2024-03-27T13:58:09.344647100Z main DEBUG createAppenders(={STDOUT, FLOW, File})
2024-03-27T13:58:09.345647300Z main DEBUG Building Plugin[name=KeyValuePair, class=org.apache.logging.log4j.core.util.KeyValuePair].
2024-03-27T13:58:09.346153400Z main DEBUG KeyValuePair$Builder(key="test", value="123")
2024-03-27T13:58:09.347156400Z main DEBUG Building Plugin[name=filter, class=org.apache.logging.log4j.core.filter.ThreadContextMapFilter].
2024-03-27T13:58:09.347156400Z main DEBUG createFilter(={test=123}, operator="null", onMatch="null", onMismatch="null")
2024-03-27T13:58:09.349157800Z main DEBUG Successfully initialized ContextDataFactory by retrieving the context data with 0 entries
2024-03-27T13:58:09.349157800Z main DEBUG Building Plugin[name=AppenderRef, class=org.apache.logging.log4j.core.config.AppenderRef].
2024-03-27T13:58:09.350149400Z main DEBUG createAppenderRef(ref="STDOUT", level="null", Filter=null)
2024-03-27T13:58:09.350149400Z main DEBUG Building Plugin[name=logger, class=org.apache.logging.log4j.core.config.LoggerConfig].
2024-03-27T13:58:09.353134900Z main DEBUG LoggerConfig$Builder(additivity="false", level="DEBUG", levelAndRefs="null", name="org.apache.logging.log4j.test1", includeLocation="null", ={STDOUT}, ={}, Configuration(XMLConfigTest), ThreadContextMapFilter(isAnd=true, {test=[123]}))
2024-03-27T13:58:09.354641200Z main DEBUG Building Plugin[name=AppenderRef, class=org.apache.logging.log4j.core.config.AppenderRef].
2024-03-27T13:58:09.355685200Z main DEBUG createAppenderRef(ref="File", level="null", Filter=null)
2024-03-27T13:58:09.355685200Z main DEBUG Building Plugin[name=logger, class=org.apache.logging.log4j.core.config.LoggerConfig].
2024-03-27T13:58:09.355685200Z main DEBUG LoggerConfig$Builder(additivity="false", level="DEBUG", levelAndRefs="null", name="org.apache.logging.log4j.test2", includeLocation="null", ={File}, ={}, Configuration(XMLConfigTest), Filter=null)
2024-03-27T13:58:09.355685200Z main DEBUG Building Plugin[name=AppenderRef, class=org.apache.logging.log4j.core.config.AppenderRef].
2024-03-27T13:58:09.355685200Z main DEBUG createAppenderRef(ref="List", level="null", Filter=null)
2024-03-27T13:58:09.356681200Z main DEBUG Building Plugin[name=root, class=org.apache.logging.log4j.core.config.LoggerConfig$RootLogger].
2024-03-27T13:58:09.358678900Z main DEBUG LoggerConfig$RootLogger$Builder(additivity="null", level="TRACE", levelAndRefs="null", includeLocation="null", ={List}, ={}, Configuration(XMLConfigTest), Filter=null)
2024-03-27T13:58:09.359332900Z main DEBUG Building Plugin[name=loggers, class=org.apache.logging.log4j.core.config.LoggersPlugin].
2024-03-27T13:58:09.359786400Z main DEBUG createLoggers(={org.apache.logging.log4j.test1, org.apache.logging.log4j.test2, root})
2024-03-27T13:58:09.360809300Z main ERROR Unable to locate appender "List" for logger config "root"
2024-03-27T13:58:09.360809300Z main DEBUG Configuration XmlConfiguration[location=C:\Users\PnQ\eclipse-workspace\RestAssurredFramework\target\test-classes\log4j2.xml] initialized
2024-03-27T13:58:09.360809300Z main DEBUG Starting configuration XmlConfiguration[location=C:\Users\PnQ\eclipse-workspace\RestAssurredFramework\target\test-classes\log4j2.xml]
2024-03-27T13:58:09.360809300Z main DEBUG Started configuration XmlConfiguration[location=C:\Users\PnQ\eclipse-workspace\RestAssurredFramework\target\test-classes\log4j2.xml] OK.
2024-03-27T13:58:09.361783800Z main DEBUG Shutting down OutputStreamManager SYSTEM_OUT.false.false-1
2024-03-27T13:58:09.361783800Z main DEBUG OutputStream closed
2024-03-27T13:58:09.361783800Z main DEBUG Shut down OutputStreamManager SYSTEM_OUT.false.false-1, all resources released: true
2024-03-27T13:58:09.361783800Z main DEBUG Appender DefaultConsole-1 stopped with status true
2024-03-27T13:58:09.361783800Z main DEBUG Stopped org.apache.logging.log4j.core.config.DefaultConfiguration@4b8d604b OK
2024-03-27T13:58:09.414409200Z main DEBUG Registering MBean org.apache.logging.log4j2:type=c387f44
2024-03-27T13:58:09.415451300Z main DEBUG Registering MBean org.apache.logging.log4j2:type=c387f44,component=StatusLogger
2024-03-27T13:58:09.416861200Z main DEBUG Registering MBean org.apache.logging.log4j2:type=c387f44,component=ContextSelector
2024-03-27T13:58:09.417866300Z main DEBUG Registering MBean org.apache.logging.log4j2:type=c387f44,component=Loggers,name=org.apache.logging.log4j.test1
2024-03-27T13:58:09.417866300Z main DEBUG Registering MBean org.apache.logging.log4j2:type=c387f44,component=Loggers,name=
2024-03-27T13:58:09.417866300Z main DEBUG Registering MBean org.apache.logging.log4j2:type=c387f44,component=Loggers,name=org.apache.logging.log4j.test2
2024-03-27T13:58:09.418867700Z main DEBUG Registering MBean org.apache.logging.log4j2:type=c387f44,component=Appenders,name=STDOUT
2024-03-27T13:58:09.418867700Z main DEBUG Registering MBean org.apache.logging.log4j2:type=c387f44,component=Appenders,name=File
2024-03-27T13:58:09.419866100Z main DEBUG Registering MBean org.apache.logging.log4j2:type=c387f44,component=Appenders,name=FLOW
2024-03-27T13:58:09.420861600Z main DEBUG org.apache.logging.log4j.core.util.SystemClock supports precise timestamps.
2024-03-27T13:58:09.420861600Z main DEBUG Reconfiguration complete for context[name=c387f44] at URI C:\Users\PnQ\eclipse-workspace\RestAssurredFramework\target\test-classes\log4j2.xml (org.apache.logging.log4j.core.LoggerContext@758a34ce) with optional ClassLoader: null
2024-03-27T13:58:09.421852Z main DEBUG Shutdown hook enabled. Registering a new one.
2024-03-27T13:58:09.427359600Z main DEBUG LoggerContext[name=c387f44, org.apache.logging.log4j.core.LoggerContext@758a34ce] started OK.
]]></system-out>
    <system-err><![CDATA[SLF4J: Failed to load class "org.slf4j.impl.StaticLoggerBinder".
SLF4J: Defaulting to no-operation (NOP) logger implementation
SLF4J: See http://www.slf4j.org/codes.html#StaticLoggerBinder for further details.
]]></system-err>
  </testcase>
  <testcase name="createUserByPost[1020, testuser2, abby, sharma, abc@gmail.com, Test@124, 1234567894](2)" classname="api.test.DataDrivenTest" time="1.085"/>
  <testcase name="createUserByPost[1030, testuser3, jay, pritchet, jduwndn@gmail.com, Test@125, 1234567894](3)" classname="api.test.DataDrivenTest" time="1.061"/>
  <testcase name="deleteUser[testuser1](1)" classname="api.test.DataDrivenTest" time="1.059"/>
  <testcase name="deleteUser[testuser2](2)" classname="api.test.DataDrivenTest" time="1.065"/>
  <testcase name="deleteUser[testuser3](3)" classname="api.test.DataDrivenTest" time="1.042"/>
</testsuite>