<?xml version="1.0" encoding="UTF-8"?>
<testng-results ignored="0" total="4" passed="4" failed="0" skipped="0">
  <reporter-output>
  </reporter-output>
  <suite started-at="2024-03-21T20:28:11 IST" name="Suite" finished-at="2024-03-21T20:28:18 IST" duration-ms="7586">
    <groups>
    </groups>
    <test started-at="2024-03-21T20:28:11 IST" name="Test" finished-at="2024-03-21T20:28:18 IST" duration-ms="7586">
      <class name="api.test.testUser">
        <test-method is-config="true" signature="setup()[pri:0, instance:api.test.testUser@1d2adfbe]" started-at="2024-03-21T20:28:11 IST" name="setup" finished-at="2024-03-21T20:28:12 IST" duration-ms="626" status="PASS">
          <reporter-output>
          </reporter-output>
        </test-method> <!-- setup -->
        <test-method signature="postMethod()[pri:1, instance:api.test.testUser@1d2adfbe]" started-at="2024-03-21T20:28:12 IST" name="postMethod" finished-at="2024-03-21T20:28:14 IST" duration-ms="2453" status="PASS">
          <reporter-output>
          </reporter-output>
        </test-method> <!-- postMethod -->
        <test-method signature="getUser()[pri:2, instance:api.test.testUser@1d2adfbe]" started-at="2024-03-21T20:28:14 IST" name="getUser" finished-at="2024-03-21T20:28:15 IST" duration-ms="1059" status="PASS">
          <reporter-output>
          </reporter-output>
        </test-method> <!-- getUser -->
        <test-method signature="updateuserByuserName()[pri:3, instance:api.test.testUser@1d2adfbe]" started-at="2024-03-21T20:28:15 IST" name="updateuserByuserName" finished-at="2024-03-21T20:28:17 IST" duration-ms="2137" status="PASS">
          <reporter-output>
          </reporter-output>
        </test-method> <!-- updateuserByuserName -->
        <test-method signature="deleteUserByuserName()[pri:4, instance:api.test.testUser@1d2adfbe]" started-at="2024-03-21T20:28:17 IST" name="deleteUserByuserName" finished-at="2024-03-21T20:28:18 IST" duration-ms="1038" status="PASS">
          <reporter-output>
          </reporter-output>
        </test-method> <!-- deleteUserByuserName -->
      </class> <!-- api.test.testUser -->
    </test> <!-- Test -->
  </suite> <!-- Suite -->
</testng-results>
